Using pre-set license
Built from '2020.3/staging' branch; Version is '2020.3.21f1 (a38c86f6690f) revision 10718342'; Using compiler version '192528614'; Build Type 'Release'
OS: 'Windows 10 Pro; OS build 19043.1415; Version 2009; 64bit' Language: 'pt' Physical Memory: 8123 MB
BatchMode: 1, IsHumanControllingUs: 0, StartBugReporterOnCrash: 0, Is64bit: 1, IsPro: 0

COMMAND LINE ARGUMENTS:
C:\Program Files\Unity\Hub\Editor\2020.3.21f1\Editor\Unity.exe
-adb2
-batchMode
-noUpm
-name
AssetImportWorker0
-projectPath
D:/Trabalho/Doisgato Studio/Jogos/Projetos/Estudo-StartGameDev
-logFile
Logs/AssetImportWorker0.log
-srvPort
53727
Successfully changed project path to: D:/Trabalho/Doisgato Studio/Jogos/Projetos/Estudo-StartGameDev
D:/Trabalho/Doisgato Studio/Jogos/Projetos/Estudo-StartGameDev
Using Asset Import Pipeline V2.
Refreshing native plugins compatible for Editor in 50.69 ms, found 3 plugins.
Preloading 0 native plugins for Editor in 0.00 ms.
Initialize engine version: 2020.3.21f1 (a38c86f6690f)
[Subsystems] Discovering subsystems at path C:/Program Files/Unity/Hub/Editor/2020.3.21f1/Editor/Data/Resources/UnitySubsystems
[Subsystems] Discovering subsystems at path D:/Trabalho/Doisgato Studio/Jogos/Projetos/Estudo-StartGameDev/Assets
GfxDevice: creating device client; threaded=0
Direct3D:
    Version:  Direct3D 11.0 [level 11.1]
    Renderer: AMD Radeon (TM) R7 360 Series (ID=0x665f)
    Vendor:   
    VRAM:     2023 MB
    Driver:   27.20.21002.112
Initialize mono
Mono path[0] = 'C:/Program Files/Unity/Hub/Editor/2020.3.21f1/Editor/Data/Managed'
Mono path[1] = 'C:/Program Files/Unity/Hub/Editor/2020.3.21f1/Editor/Data/MonoBleedingEdge/lib/mono/unityjit'
Mono config path = 'C:/Program Files/Unity/Hub/Editor/2020.3.21f1/Editor/Data/MonoBleedingEdge/etc'
Using monoOptions --debugger-agent=transport=dt_socket,embedding=1,server=y,suspend=n,address=127.0.0.1:56072
Begin MonoManager ReloadAssembly
Registering precompiled unity dll's ...
Register platform support module: C:/Program Files/Unity/Hub/Editor/2020.3.21f1/Editor/Data/PlaybackEngines/WindowsStandaloneSupport/UnityEditor.WindowsStandalone.Extensions.dll
Registered in 0.002354 seconds.
Native extension for WindowsStandalone target not found
Refreshing native plugins compatible for Editor in 51.62 ms, found 3 plugins.
Preloading 0 native plugins for Editor in 0.00 ms.
Mono: successfully reloaded assembly
- Completed reload, in  0.990 seconds
Domain Reload Profiling:
	ReloadAssembly (990ms)
		BeginReloadAssembly (52ms)
			ExecutionOrderSort (0ms)
			DisableScriptedObjects (0ms)
			BackupInstance (0ms)
			ReleaseScriptingObjects (0ms)
			CreateAndSetChildDomain (1ms)
		EndReloadAssembly (421ms)
			LoadAssemblies (49ms)
			RebuildTransferFunctionScriptingTraits (0ms)
			SetupTypeCache (138ms)
			ReleaseScriptCaches (0ms)
			RebuildScriptCaches (29ms)
			SetupLoadedEditorAssemblies (170ms)
				LogAssemblyErrors (0ms)
				InitializePlatformSupportModulesInManaged (4ms)
				SetLoadedEditorAssemblies (0ms)
				RefreshPlugins (52ms)
				BeforeProcessingInitializeOnLoad (14ms)
				ProcessInitializeOnLoadAttributes (73ms)
				ProcessInitializeOnLoadMethodAttributes (25ms)
				AfterProcessingInitializeOnLoad (0ms)
				EditorAssembliesLoaded (0ms)
			ExecutionOrderSort2 (0ms)
			AwakeInstancesAfterBackupRestoration (0ms)
Platform modules already initialized, skipping
Registering precompiled user dll's ...
Registered in 0.003806 seconds.
Begin MonoManager ReloadAssembly
Native extension for WindowsStandalone target not found
Refreshing native plugins compatible for Editor in 50.52 ms, found 3 plugins.
Preloading 0 native plugins for Editor in 0.00 ms.
Mono: successfully reloaded assembly
- Completed reload, in  1.085 seconds
Domain Reload Profiling:
	ReloadAssembly (1087ms)
		BeginReloadAssembly (135ms)
			ExecutionOrderSort (0ms)
			DisableScriptedObjects (4ms)
			BackupInstance (0ms)
			ReleaseScriptingObjects (0ms)
			CreateAndSetChildDomain (20ms)
		EndReloadAssembly (893ms)
			LoadAssemblies (85ms)
			RebuildTransferFunctionScriptingTraits (0ms)
			SetupTypeCache (289ms)
			ReleaseScriptCaches (1ms)
			RebuildScriptCaches (51ms)
			SetupLoadedEditorAssemblies (360ms)
				LogAssemblyErrors (0ms)
				InitializePlatformSupportModulesInManaged (4ms)
				SetLoadedEditorAssemblies (0ms)
				RefreshPlugins (51ms)
				BeforeProcessingInitializeOnLoad (79ms)
				ProcessInitializeOnLoadAttributes (201ms)
				ProcessInitializeOnLoadMethodAttributes (19ms)
				AfterProcessingInitializeOnLoad (6ms)
				EditorAssembliesLoaded (0ms)
			ExecutionOrderSort2 (0ms)
			AwakeInstancesAfterBackupRestoration (6ms)
Platform modules already initialized, skipping
========================================================================
Worker process is ready to serve import requests
Launched and connected shader compiler UnityShaderCompiler.exe after 0.04 seconds
Refreshing native plugins compatible for Editor in 0.65 ms, found 3 plugins.
Preloading 0 native plugins for Editor in 0.00 ms.
Unloading 2332 Unused Serialized files (Serialized files now loaded: 0)
System memory in use before: 100.7 MB.
System memory in use after: 100.8 MB.

Unloading 29 unused Assets to reduce memory usage. Loaded Objects now: 2765.
Total: 3.383500 ms (FindLiveObjects: 0.287900 ms CreateObjectMapping: 0.072300 ms MarkObjects: 2.948600 ms  DeleteObjects: 0.073200 ms)

AssetImportParameters requested are different than current active one (requested -> active):
  custom:framework-win-MediaFoundation: 216162199b28c13a410421893ffa2e32 -> 
  custom:video-decoder-ogg-theora: a1e56fd34408186e4bbccfd4996cb3dc -> 
  custom:container-muxer-webm: aa71ff27fc2769a1b78a27578f13a17b -> 
  custom:container-demuxer-webm: 4f35f7cbe854078d1ac9338744f61a02 -> 
  custom:container-demuxer-ogg: 62fdf1f143b41e24485cea50d1cbac27 -> 
  custom:video-encoder-webm-vp8: eb34c28f22e8b96e1ab97ce403110664 -> 
  custom:video-decoder-webm-vp8: 9c59270c3fd7afecdb556c50c9e8de78 -> 
  custom:audio-decoder-ogg-vorbis: bf7c407c2cedff20999df2af8eb42d56 -> 
  custom:audio-encoder-webm-vorbis: bf7c407c2cedff20999df2af8eb42d56 -> 
========================================================================
Received Import Request.
  path: Assets/Sprites/SUNNYSIDE_WORLD_CHARACTERS_PARTS_V0.3.1/IDLE/bowlhair_idle_strip9.png
  artifactKey: Guid(cf3796582f3b9d54cbdc3bc600cd0624) Importer(815301076,1909f56bfc062723c751e8b465ee728b)
Start importing Assets/Sprites/SUNNYSIDE_WORLD_CHARACTERS_PARTS_V0.3.1/IDLE/bowlhair_idle_strip9.png using Guid(cf3796582f3b9d54cbdc3bc600cd0624) Importer(815301076,1909f56bfc062723c751e8b465ee728b)  -> (artifact id: '5353260e6f4310a50d27c5bccaaa6a96') in 0.141054 seconds 
  Import took 0.149673 seconds .

========================================================================
Received Import Request.
  Time since last request: 0.001931 seconds.
  path: Assets/Sprites/SUNNYSIDE_WORLD_CHARACTERS_PARTS_V0.3.1/IDLE/mophair_idle_strip9.png
  artifactKey: Guid(9e9873e7661a3dc4e8f891ad6c31e0e3) Importer(815301076,1909f56bfc062723c751e8b465ee728b)
Start importing Assets/Sprites/SUNNYSIDE_WORLD_CHARACTERS_PARTS_V0.3.1/IDLE/mophair_idle_strip9.png using Guid(9e9873e7661a3dc4e8f891ad6c31e0e3) Importer(815301076,1909f56bfc062723c751e8b465ee728b)  -> (artifact id: '771a6a35c5fc5426ed238a4d6b66e884') in 0.099198 seconds 
  Import took 0.109082 seconds .

========================================================================
Received Import Request.
  Time since last request: 0.000817 seconds.
  path: Assets/Sprites/SUNNYSIDE_WORLD_CHARACTERS_PARTS_V0.3.1/IDLE
  artifactKey: Guid(87b19290acde2a9489ff133d4237302d) Importer(815301076,1909f56bfc062723c751e8b465ee728b)
Start importing Assets/Sprites/SUNNYSIDE_WORLD_CHARACTERS_PARTS_V0.3.1/IDLE using Guid(87b19290acde2a9489ff133d4237302d) Importer(815301076,1909f56bfc062723c751e8b465ee728b)  -> (artifact id: 'a9d10943e3f0a819133b8c4f64a1bc39') in 0.005039 seconds 
  Import took 0.018215 seconds .

========================================================================
Received Import Request.
  Time since last request: 0.001209 seconds.
  path: Assets/Sprites/SUNNYSIDE_WORLD_CHARACTERS_PARTS_V0.3.1/IDLE/curlyhair_idle_strip9.png
  artifactKey: Guid(eabaedaf0f1616040a635f8a6f3847aa) Importer(815301076,1909f56bfc062723c751e8b465ee728b)
Start importing Assets/Sprites/SUNNYSIDE_WORLD_CHARACTERS_PARTS_V0.3.1/IDLE/curlyhair_idle_strip9.png using Guid(eabaedaf0f1616040a635f8a6f3847aa) Importer(815301076,1909f56bfc062723c751e8b465ee728b)  -> (artifact id: '2ce8dbb11bcc3344ce5533f53da8406a') in 0.059359 seconds 
  Import took 0.071923 seconds .

========================================================================
Received Import Request.
  Time since last request: 0.000788 seconds.
  path: Assets/Sprites/SUNNYSIDE_WORLD_CHARACTERS_PARTS_V0.3.1/IDLE/tools_idle_strip9.png
  artifactKey: Guid(5ffbed456a515fc4db8be1e5f1839009) Importer(815301076,1909f56bfc062723c751e8b465ee728b)
Start importing Assets/Sprites/SUNNYSIDE_WORLD_CHARACTERS_PARTS_V0.3.1/IDLE/tools_idle_strip9.png using Guid(5ffbed456a515fc4db8be1e5f1839009) Importer(815301076,1909f56bfc062723c751e8b465ee728b)  -> (artifact id: '86f23a2c9f8bcedc1d00a0c4f79651bb') in 0.050944 seconds 
  Import took 0.075281 seconds .

========================================================================
Received Import Request.
  Time since last request: 0.000807 seconds.
  path: Assets/Sprites/SUNNYSIDE_WORLD_CHARACTERS_PARTS_V0.3.1/IDLE/longhair_idle_strip9.png
  artifactKey: Guid(45e02faed4093a64b9cacd819eb6e694) Importer(815301076,1909f56bfc062723c751e8b465ee728b)
Start importing Assets/Sprites/SUNNYSIDE_WORLD_CHARACTERS_PARTS_V0.3.1/IDLE/longhair_idle_strip9.png using Guid(45e02faed4093a64b9cacd819eb6e694) Importer(815301076,1909f56bfc062723c751e8b465ee728b)  -> (artifact id: '8f6bda06431ce2d067835de3c81abd3d') in 0.124958 seconds 
  Import took 0.134991 seconds .

========================================================================
Received Import Request.
  Time since last request: 0.000886 seconds.
  path: Assets/Sprites/SUNNYSIDE_WORLD_CHARACTERS_PARTS_V0.3.1/IDLE/base_idle_strip9.png
  artifactKey: Guid(dcf98e30437aab7448baf07db87c0fdd) Importer(815301076,1909f56bfc062723c751e8b465ee728b)
Start importing Assets/Sprites/SUNNYSIDE_WORLD_CHARACTERS_PARTS_V0.3.1/IDLE/base_idle_strip9.png using Guid(dcf98e30437aab7448baf07db87c0fdd) Importer(815301076,1909f56bfc062723c751e8b465ee728b)  -> (artifact id: '0b2abfbd6e5d547c577777f7e581f803') in 0.089665 seconds 
  Import took 0.101132 seconds .

========================================================================
Received Import Request.
  Time since last request: 0.000867 seconds.
  path: Assets/Sprites/SUNNYSIDE_WORLD_CHARACTERS_PARTS_V0.3.1/IDLE/shorthair_idle_strip9.png
  artifactKey: Guid(558d55bc96e83ea4cb6b83b7f168bd16) Importer(815301076,1909f56bfc062723c751e8b465ee728b)
Start importing Assets/Sprites/SUNNYSIDE_WORLD_CHARACTERS_PARTS_V0.3.1/IDLE/shorthair_idle_strip9.png using Guid(558d55bc96e83ea4cb6b83b7f168bd16) Importer(815301076,1909f56bfc062723c751e8b465ee728b)  -> (artifact id: '3f2e92216bf84011ad57f7f46cedaffd') in 0.055150 seconds 
  Import took 0.064312 seconds .

========================================================================
Received Import Request.
  Time since last request: 0.000770 seconds.
  path: Assets/Sprites/SUNNYSIDE_WORLD_CHARACTERS_PARTS_V0.3.1/IDLE/spikeyhair_idle_strip9.png
  artifactKey: Guid(e0d351143322855419f6d4dda099680b) Importer(815301076,1909f56bfc062723c751e8b465ee728b)
Start importing Assets/Sprites/SUNNYSIDE_WORLD_CHARACTERS_PARTS_V0.3.1/IDLE/spikeyhair_idle_strip9.png using Guid(e0d351143322855419f6d4dda099680b) Importer(815301076,1909f56bfc062723c751e8b465ee728b)  -> (artifact id: 'ba489826630cbe6acd56b396c377d719') in 0.120471 seconds 
  Import took 0.130625 seconds .

========================================================================
Received Import Request.
  Time since last request: 48.000622 seconds.
  path: Assets/Sprites/SUNNYSIDE_WORLD_CHARACTERS_PARTS_V0.3.1/IDLE/base_idle_strip9.png
  artifactKey: Guid(dcf98e30437aab7448baf07db87c0fdd) Importer(815301076,1909f56bfc062723c751e8b465ee728b)
Start importing Assets/Sprites/SUNNYSIDE_WORLD_CHARACTERS_PARTS_V0.3.1/IDLE/base_idle_strip9.png using Guid(dcf98e30437aab7448baf07db87c0fdd) Importer(815301076,1909f56bfc062723c751e8b465ee728b)  -> (artifact id: '7eb2c03545f97bca7ba495f03eabfdb0') in 0.011319 seconds 
  Import took 0.041388 seconds .

========================================================================
Received Import Request.
  Time since last request: 0.003908 seconds.
  path: Assets/Sprites/SUNNYSIDE_WORLD_CHARACTERS_PARTS_V0.3.1/IDLE/bowlhair_idle_strip9.png
  artifactKey: Guid(cf3796582f3b9d54cbdc3bc600cd0624) Importer(815301076,1909f56bfc062723c751e8b465ee728b)
Start importing Assets/Sprites/SUNNYSIDE_WORLD_CHARACTERS_PARTS_V0.3.1/IDLE/bowlhair_idle_strip9.png using Guid(cf3796582f3b9d54cbdc3bc600cd0624) Importer(815301076,1909f56bfc062723c751e8b465ee728b)  -> (artifact id: '59d61ff1f74e673c9c22c9b0166feb42') in 0.007762 seconds 
  Import took 0.056591 seconds .

========================================================================
Received Import Request.
  Time since last request: 0.001253 seconds.
  path: Assets/Sprites/SUNNYSIDE_WORLD_CHARACTERS_PARTS_V0.3.1/IDLE/mophair_idle_strip9.png
  artifactKey: Guid(9e9873e7661a3dc4e8f891ad6c31e0e3) Importer(815301076,1909f56bfc062723c751e8b465ee728b)
Start importing Assets/Sprites/SUNNYSIDE_WORLD_CHARACTERS_PARTS_V0.3.1/IDLE/mophair_idle_strip9.png using Guid(9e9873e7661a3dc4e8f891ad6c31e0e3) Importer(815301076,1909f56bfc062723c751e8b465ee728b)  -> (artifact id: '32c44573d0f5730a1c0415be07c92dfd') in 0.008123 seconds 
  Import took 0.040668 seconds .

========================================================================
Received Import Request.
  Time since last request: 0.000952 seconds.
  path: Assets/Sprites/SUNNYSIDE_WORLD_CHARACTERS_PARTS_V0.3.1/IDLE/curlyhair_idle_strip9.png
  artifactKey: Guid(eabaedaf0f1616040a635f8a6f3847aa) Importer(815301076,1909f56bfc062723c751e8b465ee728b)
Start importing Assets/Sprites/SUNNYSIDE_WORLD_CHARACTERS_PARTS_V0.3.1/IDLE/curlyhair_idle_strip9.png using Guid(eabaedaf0f1616040a635f8a6f3847aa) Importer(815301076,1909f56bfc062723c751e8b465ee728b)  -> (artifact id: '24c073bacc4ddd206ff386a1888e0a61') in 0.008709 seconds 
  Import took 0.075276 seconds .

========================================================================
Received Import Request.
  Time since last request: 0.000787 seconds.
  path: Assets/Sprites/SUNNYSIDE_WORLD_CHARACTERS_PARTS_V0.3.1/IDLE/tools_idle_strip9.png
  artifactKey: Guid(5ffbed456a515fc4db8be1e5f1839009) Importer(815301076,1909f56bfc062723c751e8b465ee728b)
Start importing Assets/Sprites/SUNNYSIDE_WORLD_CHARACTERS_PARTS_V0.3.1/IDLE/tools_idle_strip9.png using Guid(5ffbed456a515fc4db8be1e5f1839009) Importer(815301076,1909f56bfc062723c751e8b465ee728b)  -> (artifact id: '7894a9da22e0d7790bd5f925f6bc0d45') in 0.011339 seconds 
  Import took 0.047739 seconds .

========================================================================
Received Import Request.
  Time since last request: 0.001290 seconds.
  path: Assets/Sprites/SUNNYSIDE_WORLD_CHARACTERS_PARTS_V0.3.1/IDLE/longhair_idle_strip9.png
  artifactKey: Guid(45e02faed4093a64b9cacd819eb6e694) Importer(815301076,1909f56bfc062723c751e8b465ee728b)
Start importing Assets/Sprites/SUNNYSIDE_WORLD_CHARACTERS_PARTS_V0.3.1/IDLE/longhair_idle_strip9.png using Guid(45e02faed4093a64b9cacd819eb6e694) Importer(815301076,1909f56bfc062723c751e8b465ee728b)  -> (artifact id: '3f76f9901e98c07801c3b5e8ea1152c1') in 0.007304 seconds 
  Import took 0.059764 seconds .

========================================================================
Received Import Request.
  Time since last request: 0.002054 seconds.
  path: Assets/Sprites/SUNNYSIDE_WORLD_CHARACTERS_PARTS_V0.3.1/IDLE/shorthair_idle_strip9.png
  artifactKey: Guid(558d55bc96e83ea4cb6b83b7f168bd16) Importer(815301076,1909f56bfc062723c751e8b465ee728b)
Start importing Assets/Sprites/SUNNYSIDE_WORLD_CHARACTERS_PARTS_V0.3.1/IDLE/shorthair_idle_strip9.png using Guid(558d55bc96e83ea4cb6b83b7f168bd16) Importer(815301076,1909f56bfc062723c751e8b465ee728b)  -> (artifact id: '3fc1ad5c4143c370bc612aeabf17917d') in 0.010160 seconds 
  Import took 0.053843 seconds .

========================================================================
Received Import Request.
  Time since last request: 0.001857 seconds.
  path: Assets/Sprites/SUNNYSIDE_WORLD_CHARACTERS_PARTS_V0.3.1/IDLE/spikeyhair_idle_strip9.png
  artifactKey: Guid(e0d351143322855419f6d4dda099680b) Importer(815301076,1909f56bfc062723c751e8b465ee728b)
Start importing Assets/Sprites/SUNNYSIDE_WORLD_CHARACTERS_PARTS_V0.3.1/IDLE/spikeyhair_idle_strip9.png using Guid(e0d351143322855419f6d4dda099680b) Importer(815301076,1909f56bfc062723c751e8b465ee728b)  -> (artifact id: '9010d3196bcda462f93951a4b2c33da5') in 0.009211 seconds 
  Import took 0.049287 seconds .

========================================================================
Received Import Request.
  Time since last request: 38.775731 seconds.
  path: Assets/Sprites/SUNNYSIDE_WORLD_CHARACTERS_PARTS_V0.3.1/IDLE/base_idle_strip9.png
  artifactKey: Guid(dcf98e30437aab7448baf07db87c0fdd) Importer(815301076,1909f56bfc062723c751e8b465ee728b)
Start importing Assets/Sprites/SUNNYSIDE_WORLD_CHARACTERS_PARTS_V0.3.1/IDLE/base_idle_strip9.png using Guid(dcf98e30437aab7448baf07db87c0fdd) Importer(815301076,1909f56bfc062723c751e8b465ee728b)  -> (artifact id: '7ba897b3ebdf61aa188d00d0455b1f00') in 0.035935 seconds 
  Import took 0.044845 seconds .

========================================================================
Received Import Request.
  Time since last request: 49.544806 seconds.
  path: Assets/Sprites/SUNNYSIDE_WORLD_CHARACTERS_PARTS_V0.3.1/IDLE/shorthair_idle_strip9.png
  artifactKey: Guid(558d55bc96e83ea4cb6b83b7f168bd16) Importer(815301076,1909f56bfc062723c751e8b465ee728b)
Start importing Assets/Sprites/SUNNYSIDE_WORLD_CHARACTERS_PARTS_V0.3.1/IDLE/shorthair_idle_strip9.png using Guid(558d55bc96e83ea4cb6b83b7f168bd16) Importer(815301076,1909f56bfc062723c751e8b465ee728b)  -> (artifact id: 'e1cb60f9c8c64a8b123578431c098d7e') in 0.031790 seconds 
  Import took 0.092273 seconds .

========================================================================
Received Import Request.
  Time since last request: 716.929025 seconds.
  path: Assets/Sprites/SUNNYSIDE_WORLD_CHARACTERS_PARTS_V0.3.1/WAITING/base_waiting_strip9.png
  artifactKey: Guid(6fb36cb746bbd4c42a79a4165cf7c1d2) Importer(815301076,1909f56bfc062723c751e8b465ee728b)
Start importing Assets/Sprites/SUNNYSIDE_WORLD_CHARACTERS_PARTS_V0.3.1/WAITING/base_waiting_strip9.png using Guid(6fb36cb746bbd4c42a79a4165cf7c1d2) Importer(815301076,1909f56bfc062723c751e8b465ee728b)  -> (artifact id: 'bfccf00d1d92dc371148a54ab3684afc') in 0.059437 seconds 
  Import took 0.106742 seconds .

========================================================================
Received Import Request.
  Time since last request: 0.000833 seconds.
  path: Assets/Sprites/SUNNYSIDE_WORLD_CHARACTERS_PARTS_V0.3.1/WAITING/longhair_waiting_strip9.png
  artifactKey: Guid(9f9e2e2d8faa6964c989ec99ba02afe8) Importer(815301076,1909f56bfc062723c751e8b465ee728b)
Start importing Assets/Sprites/SUNNYSIDE_WORLD_CHARACTERS_PARTS_V0.3.1/WAITING/longhair_waiting_strip9.png using Guid(9f9e2e2d8faa6964c989ec99ba02afe8) Importer(815301076,1909f56bfc062723c751e8b465ee728b)  -> (artifact id: '55a611d8550bca8dbeb98350d7a8b027') in 0.069510 seconds 
  Import took 0.086541 seconds .

========================================================================
Received Import Request.
  Time since last request: 0.000821 seconds.
  path: Assets/Sprites/SUNNYSIDE_WORLD_CHARACTERS_PARTS_V0.3.1/WAITING/curlyhair_waiting_strip9.png
  artifactKey: Guid(df04337d8e555a54c99181a02b2341bb) Importer(815301076,1909f56bfc062723c751e8b465ee728b)
Start importing Assets/Sprites/SUNNYSIDE_WORLD_CHARACTERS_PARTS_V0.3.1/WAITING/curlyhair_waiting_strip9.png using Guid(df04337d8e555a54c99181a02b2341bb) Importer(815301076,1909f56bfc062723c751e8b465ee728b)  -> (artifact id: '98adc7129cbec5ad20e2831f5651f599') in 0.149450 seconds 
  Import took 0.187209 seconds .

========================================================================
Received Import Request.
  Time since last request: 0.000866 seconds.
  path: Assets/Sprites/SUNNYSIDE_WORLD_CHARACTERS_PARTS_V0.3.1/WAITING/bowlhair_waiting_strip9.png
  artifactKey: Guid(076d42d44b90d8f4b94d8a827441a909) Importer(815301076,1909f56bfc062723c751e8b465ee728b)
Start importing Assets/Sprites/SUNNYSIDE_WORLD_CHARACTERS_PARTS_V0.3.1/WAITING/bowlhair_waiting_strip9.png using Guid(076d42d44b90d8f4b94d8a827441a909) Importer(815301076,1909f56bfc062723c751e8b465ee728b)  -> (artifact id: 'c17fcf1fb8110e25f0897d53e100194f') in 0.036991 seconds 
  Import took 0.090906 seconds .

========================================================================
Received Import Request.
  Time since last request: 0.001971 seconds.
  path: Assets/Sprites/SUNNYSIDE_WORLD_CHARACTERS_PARTS_V0.3.1/WAITING/spikeyhair_waiting_strip9.png
  artifactKey: Guid(05b98310f0a519b4abefad45e5037f0c) Importer(815301076,1909f56bfc062723c751e8b465ee728b)
Start importing Assets/Sprites/SUNNYSIDE_WORLD_CHARACTERS_PARTS_V0.3.1/WAITING/spikeyhair_waiting_strip9.png using Guid(05b98310f0a519b4abefad45e5037f0c) Importer(815301076,1909f56bfc062723c751e8b465ee728b)  -> (artifact id: '9f19510faf365caaddeda25e9a27fa85') in 0.158672 seconds 
  Import took 0.227850 seconds .

========================================================================
Received Import Request.
  Time since last request: 0.000823 seconds.
  path: Assets/Sprites/SUNNYSIDE_WORLD_CHARACTERS_PARTS_V0.3.1/WAITING/shorthair_waiting_strip9.png
  artifactKey: Guid(35f471e35c2a66b4eaf8dc3135da0013) Importer(815301076,1909f56bfc062723c751e8b465ee728b)
Start importing Assets/Sprites/SUNNYSIDE_WORLD_CHARACTERS_PARTS_V0.3.1/WAITING/shorthair_waiting_strip9.png using Guid(35f471e35c2a66b4eaf8dc3135da0013) Importer(815301076,1909f56bfc062723c751e8b465ee728b)  -> (artifact id: '7efbaa771a72af0bdf7e32ee37ab8216') in 0.084326 seconds 
  Import took 0.095868 seconds .

========================================================================
Received Import Request.
  Time since last request: 0.001611 seconds.
  path: Assets/Sprites/SUNNYSIDE_WORLD_CHARACTERS_PARTS_V0.3.1/WAITING/mophair_waiting_strip9.png
  artifactKey: Guid(79f8468f1a46da346b93538832d0bc9a) Importer(815301076,1909f56bfc062723c751e8b465ee728b)
Start importing Assets/Sprites/SUNNYSIDE_WORLD_CHARACTERS_PARTS_V0.3.1/WAITING/mophair_waiting_strip9.png using Guid(79f8468f1a46da346b93538832d0bc9a) Importer(815301076,1909f56bfc062723c751e8b465ee728b)  -> (artifact id: '37beee135a49124fc54ee3efe3fc47f1') in 0.109454 seconds 
  Import took 0.125238 seconds .

========================================================================
Received Import Request.
  Time since last request: 0.000957 seconds.
  path: Assets/Sprites/SUNNYSIDE_WORLD_CHARACTERS_PARTS_V0.3.1/WAITING/tools_waiting_strip9.png
  artifactKey: Guid(bfbfa64d1e0fb6f419086e7d9a54c761) Importer(815301076,1909f56bfc062723c751e8b465ee728b)
Start importing Assets/Sprites/SUNNYSIDE_WORLD_CHARACTERS_PARTS_V0.3.1/WAITING/tools_waiting_strip9.png using Guid(bfbfa64d1e0fb6f419086e7d9a54c761) Importer(815301076,1909f56bfc062723c751e8b465ee728b)  -> (artifact id: '68fef5cccd7a9bd3dfa9846440ad649d') in 0.091444 seconds 
  Import took 0.106527 seconds .

========================================================================
Received Import Request.
  Time since last request: 26.314184 seconds.
  path: Assets/Sprites/SUNNYSIDE_WORLD_CHARACTERS_PARTS_V0.3.1/WAITING/base_waiting_strip9.png
  artifactKey: Guid(6fb36cb746bbd4c42a79a4165cf7c1d2) Importer(815301076,1909f56bfc062723c751e8b465ee728b)
Start importing Assets/Sprites/SUNNYSIDE_WORLD_CHARACTERS_PARTS_V0.3.1/WAITING/base_waiting_strip9.png using Guid(6fb36cb746bbd4c42a79a4165cf7c1d2) Importer(815301076,1909f56bfc062723c751e8b465ee728b)  -> (artifact id: '946f6b45a47d69b593fcbfcdbdf21f5f') in 0.007341 seconds 
  Import took 0.059714 seconds .

========================================================================
Received Import Request.
  Time since last request: 0.000811 seconds.
  path: Assets/Sprites/SUNNYSIDE_WORLD_CHARACTERS_PARTS_V0.3.1/WAITING/longhair_waiting_strip9.png
  artifactKey: Guid(9f9e2e2d8faa6964c989ec99ba02afe8) Importer(815301076,1909f56bfc062723c751e8b465ee728b)
Start importing Assets/Sprites/SUNNYSIDE_WORLD_CHARACTERS_PARTS_V0.3.1/WAITING/longhair_waiting_strip9.png using Guid(9f9e2e2d8faa6964c989ec99ba02afe8) Importer(815301076,1909f56bfc062723c751e8b465ee728b)  -> (artifact id: '947e0eaf2b642ae89f877ae05b2bc5f3') in 0.008967 seconds 
  Import took 0.020878 seconds .

========================================================================
Received Import Request.
  Time since last request: 0.002018 seconds.
  path: Assets/Sprites/SUNNYSIDE_WORLD_CHARACTERS_PARTS_V0.3.1/WAITING/curlyhair_waiting_strip9.png
  artifactKey: Guid(df04337d8e555a54c99181a02b2341bb) Importer(815301076,1909f56bfc062723c751e8b465ee728b)
Start importing Assets/Sprites/SUNNYSIDE_WORLD_CHARACTERS_PARTS_V0.3.1/WAITING/curlyhair_waiting_strip9.png using Guid(df04337d8e555a54c99181a02b2341bb) Importer(815301076,1909f56bfc062723c751e8b465ee728b)  -> (artifact id: '23fc30fa0809197cf4d4cf5dcdb2fbb2') in 0.011588 seconds 
  Import took 0.028478 seconds .

========================================================================
Received Import Request.
  Time since last request: 0.001376 seconds.
  path: Assets/Sprites/SUNNYSIDE_WORLD_CHARACTERS_PARTS_V0.3.1/WAITING/bowlhair_waiting_strip9.png
  artifactKey: Guid(076d42d44b90d8f4b94d8a827441a909) Importer(815301076,1909f56bfc062723c751e8b465ee728b)
Start importing Assets/Sprites/SUNNYSIDE_WORLD_CHARACTERS_PARTS_V0.3.1/WAITING/bowlhair_waiting_strip9.png using Guid(076d42d44b90d8f4b94d8a827441a909) Importer(815301076,1909f56bfc062723c751e8b465ee728b)  -> (artifact id: 'b2b961c974eaae9c93a5709ceff86e25') in 0.010245 seconds 
  Import took 0.050481 seconds .

========================================================================
Received Import Request.
  Time since last request: 0.000784 seconds.
  path: Assets/Sprites/SUNNYSIDE_WORLD_CHARACTERS_PARTS_V0.3.1/WAITING/spikeyhair_waiting_strip9.png
  artifactKey: Guid(05b98310f0a519b4abefad45e5037f0c) Importer(815301076,1909f56bfc062723c751e8b465ee728b)
Start importing Assets/Sprites/SUNNYSIDE_WORLD_CHARACTERS_PARTS_V0.3.1/WAITING/spikeyhair_waiting_strip9.png using Guid(05b98310f0a519b4abefad45e5037f0c) Importer(815301076,1909f56bfc062723c751e8b465ee728b)  -> (artifact id: '7736d91e31bc6f90516ab0dbf521b68b') in 0.009975 seconds 
  Import took 0.023738 seconds .

========================================================================
Received Import Request.
  Time since last request: 0.001294 seconds.
  path: Assets/Sprites/SUNNYSIDE_WORLD_CHARACTERS_PARTS_V0.3.1/WAITING/shorthair_waiting_strip9.png
  artifactKey: Guid(35f471e35c2a66b4eaf8dc3135da0013) Importer(815301076,1909f56bfc062723c751e8b465ee728b)
Start importing Assets/Sprites/SUNNYSIDE_WORLD_CHARACTERS_PARTS_V0.3.1/WAITING/shorthair_waiting_strip9.png using Guid(35f471e35c2a66b4eaf8dc3135da0013) Importer(815301076,1909f56bfc062723c751e8b465ee728b)  -> (artifact id: '387b83dacc965201c27946c4fab03ea1') in 0.008248 seconds 
  Import took 0.043076 seconds .

========================================================================
Received Import Request.
  Time since last request: 0.001832 seconds.
  path: Assets/Sprites/SUNNYSIDE_WORLD_CHARACTERS_PARTS_V0.3.1/WAITING/mophair_waiting_strip9.png
  artifactKey: Guid(79f8468f1a46da346b93538832d0bc9a) Importer(815301076,1909f56bfc062723c751e8b465ee728b)
Start importing Assets/Sprites/SUNNYSIDE_WORLD_CHARACTERS_PARTS_V0.3.1/WAITING/mophair_waiting_strip9.png using Guid(79f8468f1a46da346b93538832d0bc9a) Importer(815301076,1909f56bfc062723c751e8b465ee728b)  -> (artifact id: 'da1aa7b34e5ea83a73ad2e728c7151e5') in 0.010702 seconds 
  Import took 0.082823 seconds .

========================================================================
Received Import Request.
  Time since last request: 0.000959 seconds.
  path: Assets/Sprites/SUNNYSIDE_WORLD_CHARACTERS_PARTS_V0.3.1/WAITING/tools_waiting_strip9.png
  artifactKey: Guid(bfbfa64d1e0fb6f419086e7d9a54c761) Importer(815301076,1909f56bfc062723c751e8b465ee728b)
Start importing Assets/Sprites/SUNNYSIDE_WORLD_CHARACTERS_PARTS_V0.3.1/WAITING/tools_waiting_strip9.png using Guid(bfbfa64d1e0fb6f419086e7d9a54c761) Importer(815301076,1909f56bfc062723c751e8b465ee728b)  -> (artifact id: 'f3dc2dcd62e898ecb11d8c5fe1fa2f27') in 0.007673 seconds 
  Import took 0.106460 seconds .

========================================================================
Received Import Request.
  Time since last request: 11.531086 seconds.
  path: Assets/Sprites/SUNNYSIDE_WORLD_CHARACTERS_PARTS_V0.3.1/WAITING/base_waiting_strip9.png
  artifactKey: Guid(6fb36cb746bbd4c42a79a4165cf7c1d2) Importer(815301076,1909f56bfc062723c751e8b465ee728b)
Start importing Assets/Sprites/SUNNYSIDE_WORLD_CHARACTERS_PARTS_V0.3.1/WAITING/base_waiting_strip9.png using Guid(6fb36cb746bbd4c42a79a4165cf7c1d2) Importer(815301076,1909f56bfc062723c751e8b465ee728b)  -> (artifact id: 'aa7e94b9adbfbaac8989dbb3a9755287') in 0.035685 seconds 
  Import took 0.062533 seconds .

========================================================================
Received Import Request.
  Time since last request: 17.718672 seconds.
  path: Assets/Sprites/SUNNYSIDE_WORLD_CHARACTERS_PARTS_V0.3.1/WAITING/longhair_waiting_strip9.png
  artifactKey: Guid(9f9e2e2d8faa6964c989ec99ba02afe8) Importer(815301076,1909f56bfc062723c751e8b465ee728b)
Start importing Assets/Sprites/SUNNYSIDE_WORLD_CHARACTERS_PARTS_V0.3.1/WAITING/longhair_waiting_strip9.png using Guid(9f9e2e2d8faa6964c989ec99ba02afe8) Importer(815301076,1909f56bfc062723c751e8b465ee728b)  -> (artifact id: 'ced2cd1d0a8d2c33eeb9a540813866d7') in 0.033685 seconds 
  Import took 0.043949 seconds .

========================================================================
Received Import Request.
  Time since last request: 528.258425 seconds.
  path: Assets/Scripts/Dialogue
  artifactKey: Guid(69067f722c0c8324eb84de4cb5e47b03) Importer(815301076,1909f56bfc062723c751e8b465ee728b)
Start importing Assets/Scripts/Dialogue using Guid(69067f722c0c8324eb84de4cb5e47b03) Importer(815301076,1909f56bfc062723c751e8b465ee728b)  -> (artifact id: '7979f52a30f31825c3de70aa5e9ca861') in 0.003147 seconds 
  Import took 0.020880 seconds .

========================================================================
Received Import Request.
  Time since last request: 26.713618 seconds.
  path: Assets/Scripts/Dialogue/DialogueSettings.cs
  artifactKey: Guid(1fc0b90ef38004a499406e3da48b8a61) Importer(815301076,1909f56bfc062723c751e8b465ee728b)
Start importing Assets/Scripts/Dialogue/DialogueSettings.cs using Guid(1fc0b90ef38004a499406e3da48b8a61) Importer(815301076,1909f56bfc062723c751e8b465ee728b)  -> (artifact id: '33ff6c50ff8ded506a2495420ee7a83e') in 0.013770 seconds 
  Import took 0.079726 seconds .

========================================================================
Received Prepare
Registering precompiled user dll's ...
Registered in 0.003382 seconds.
Begin MonoManager ReloadAssembly
Native extension for WindowsStandalone target not found
Refreshing native plugins compatible for Editor in 0.68 ms, found 3 plugins.
Preloading 0 native plugins for Editor in 0.00 ms.
Mono: successfully reloaded assembly
- Completed reload, in  1.041 seconds
Domain Reload Profiling:
	ReloadAssembly (1042ms)
		BeginReloadAssembly (132ms)
			ExecutionOrderSort (0ms)
			DisableScriptedObjects (6ms)
			BackupInstance (0ms)
			ReleaseScriptingObjects (0ms)
			CreateAndSetChildDomain (43ms)
		EndReloadAssembly (851ms)
			LoadAssemblies (88ms)
			RebuildTransferFunctionScriptingTraits (0ms)
			SetupTypeCache (287ms)
			ReleaseScriptCaches (1ms)
			RebuildScriptCaches (49ms)
			SetupLoadedEditorAssemblies (333ms)
				LogAssemblyErrors (0ms)
				InitializePlatformSupportModulesInManaged (6ms)
				SetLoadedEditorAssemblies (1ms)
				RefreshPlugins (1ms)
				BeforeProcessingInitializeOnLoad (90ms)
				ProcessInitializeOnLoadAttributes (216ms)
				ProcessInitializeOnLoadMethodAttributes (12ms)
				AfterProcessingInitializeOnLoad (6ms)
				EditorAssembliesLoaded (0ms)
			ExecutionOrderSort2 (0ms)
			AwakeInstancesAfterBackupRestoration (9ms)
Platform modules already initialized, skipping
Refreshing native plugins compatible for Editor in 1.33 ms, found 3 plugins.
Preloading 0 native plugins for Editor in 0.00 ms.
Unloading 2320 Unused Serialized files (Serialized files now loaded: 0)
System memory in use before: 103.0 MB.
System memory in use after: 103.2 MB.

Unloading 18 unused Assets to reduce memory usage. Loaded Objects now: 2776.
Total: 3.452600 ms (FindLiveObjects: 0.299400 ms CreateObjectMapping: 0.070500 ms MarkObjects: 3.058200 ms  DeleteObjects: 0.022300 ms)

AssetImportParameters requested are different than current active one (requested -> active):
  custom:framework-win-MediaFoundation: 216162199b28c13a410421893ffa2e32 -> 
  custom:video-decoder-ogg-theora: a1e56fd34408186e4bbccfd4996cb3dc -> 
  custom:container-muxer-webm: aa71ff27fc2769a1b78a27578f13a17b -> 
  custom:container-demuxer-webm: 4f35f7cbe854078d1ac9338744f61a02 -> 
  custom:container-demuxer-ogg: 62fdf1f143b41e24485cea50d1cbac27 -> 
  custom:video-encoder-webm-vp8: eb34c28f22e8b96e1ab97ce403110664 -> 
  custom:video-decoder-webm-vp8: 9c59270c3fd7afecdb556c50c9e8de78 -> 
  custom:audio-decoder-ogg-vorbis: bf7c407c2cedff20999df2af8eb42d56 -> 
  custom:audio-encoder-webm-vorbis: bf7c407c2cedff20999df2af8eb42d56 -> 
========================================================================
Received Prepare
Registering precompiled user dll's ...
Registered in 0.113277 seconds.
Begin MonoManager ReloadAssembly
Native extension for WindowsStandalone target not found
Refreshing native plugins compatible for Editor in 0.69 ms, found 3 plugins.
Preloading 0 native plugins for Editor in 0.00 ms.
Mono: successfully reloaded assembly
- Completed reload, in  0.990 seconds
Domain Reload Profiling:
	ReloadAssembly (991ms)
		BeginReloadAssembly (132ms)
			ExecutionOrderSort (0ms)
			DisableScriptedObjects (5ms)
			BackupInstance (0ms)
			ReleaseScriptingObjects (0ms)
			CreateAndSetChildDomain (35ms)
		EndReloadAssembly (791ms)
			LoadAssemblies (100ms)
			RebuildTransferFunctionScriptingTraits (0ms)
			SetupTypeCache (272ms)
			ReleaseScriptCaches (1ms)
			RebuildScriptCaches (43ms)
			SetupLoadedEditorAssemblies (295ms)
				LogAssemblyErrors (0ms)
				InitializePlatformSupportModulesInManaged (4ms)
				SetLoadedEditorAssemblies (0ms)
				RefreshPlugins (1ms)
				BeforeProcessingInitializeOnLoad (75ms)
				ProcessInitializeOnLoadAttributes (197ms)
				ProcessInitializeOnLoadMethodAttributes (11ms)
				AfterProcessingInitializeOnLoad (7ms)
				EditorAssembliesLoaded (0ms)
			ExecutionOrderSort2 (0ms)
			AwakeInstancesAfterBackupRestoration (8ms)
Platform modules already initialized, skipping
Refreshing native plugins compatible for Editor in 0.69 ms, found 3 plugins.
Preloading 0 native plugins for Editor in 0.00 ms.
Unloading 2320 Unused Serialized files (Serialized files now loaded: 0)
System memory in use before: 103.0 MB.
System memory in use after: 103.2 MB.

Unloading 18 unused Assets to reduce memory usage. Loaded Objects now: 2778.
Total: 3.765900 ms (FindLiveObjects: 0.289500 ms CreateObjectMapping: 0.072300 ms MarkObjects: 3.376200 ms  DeleteObjects: 0.026000 ms)

AssetImportParameters requested are different than current active one (requested -> active):
  custom:framework-win-MediaFoundation: 216162199b28c13a410421893ffa2e32 -> 
  custom:video-decoder-ogg-theora: a1e56fd34408186e4bbccfd4996cb3dc -> 
  custom:container-muxer-webm: aa71ff27fc2769a1b78a27578f13a17b -> 
  custom:container-demuxer-webm: 4f35f7cbe854078d1ac9338744f61a02 -> 
  custom:container-demuxer-ogg: 62fdf1f143b41e24485cea50d1cbac27 -> 
  custom:video-encoder-webm-vp8: eb34c28f22e8b96e1ab97ce403110664 -> 
  custom:video-decoder-webm-vp8: 9c59270c3fd7afecdb556c50c9e8de78 -> 
  custom:audio-decoder-ogg-vorbis: bf7c407c2cedff20999df2af8eb42d56 -> 
  custom:audio-encoder-webm-vorbis: bf7c407c2cedff20999df2af8eb42d56 -> 
========================================================================
Received Import Request.
  Time since last request: 211.874079 seconds.
  path: Assets/Scripts/Dialogue/DialogueSettings.cs
  artifactKey: Guid(1fc0b90ef38004a499406e3da48b8a61) Importer(815301076,1909f56bfc062723c751e8b465ee728b)
Start importing Assets/Scripts/Dialogue/DialogueSettings.cs using Guid(1fc0b90ef38004a499406e3da48b8a61) Importer(815301076,1909f56bfc062723c751e8b465ee728b)  -> (artifact id: '47e00cfcb3d910ad23b3501381010a09') in 0.015204 seconds 
  Import took 0.082736 seconds .

========================================================================
Received Prepare
Registering precompiled user dll's ...
Registered in 0.046504 seconds.
Begin MonoManager ReloadAssembly
Native extension for WindowsStandalone target not found
Refreshing native plugins compatible for Editor in 0.66 ms, found 3 plugins.
Preloading 0 native plugins for Editor in 0.00 ms.
Mono: successfully reloaded assembly
- Completed reload, in  0.963 seconds
Domain Reload Profiling:
	ReloadAssembly (964ms)
		BeginReloadAssembly (106ms)
			ExecutionOrderSort (0ms)
			DisableScriptedObjects (5ms)
			BackupInstance (0ms)
			ReleaseScriptingObjects (0ms)
			CreateAndSetChildDomain (34ms)
		EndReloadAssembly (800ms)
			LoadAssemblies (84ms)
			RebuildTransferFunctionScriptingTraits (0ms)
			SetupTypeCache (268ms)
			ReleaseScriptCaches (1ms)
			RebuildScriptCaches (44ms)
			SetupLoadedEditorAssemblies (296ms)
				LogAssemblyErrors (0ms)
				InitializePlatformSupportModulesInManaged (5ms)
				SetLoadedEditorAssemblies (0ms)
				RefreshPlugins (1ms)
				BeforeProcessingInitializeOnLoad (81ms)
				ProcessInitializeOnLoadAttributes (193ms)
				ProcessInitializeOnLoadMethodAttributes (10ms)
				AfterProcessingInitializeOnLoad (6ms)
				EditorAssembliesLoaded (0ms)
			ExecutionOrderSort2 (0ms)
			AwakeInstancesAfterBackupRestoration (8ms)
Platform modules already initialized, skipping
Refreshing native plugins compatible for Editor in 0.80 ms, found 3 plugins.
Preloading 0 native plugins for Editor in 0.00 ms.
Unloading 2320 Unused Serialized files (Serialized files now loaded: 0)
System memory in use before: 103.0 MB.
System memory in use after: 103.3 MB.

Unloading 18 unused Assets to reduce memory usage. Loaded Objects now: 2780.
Total: 3.329300 ms (FindLiveObjects: 0.273400 ms CreateObjectMapping: 0.071300 ms MarkObjects: 2.961800 ms  DeleteObjects: 0.021200 ms)

AssetImportParameters requested are different than current active one (requested -> active):
  custom:framework-win-MediaFoundation: 216162199b28c13a410421893ffa2e32 -> 
  custom:video-decoder-ogg-theora: a1e56fd34408186e4bbccfd4996cb3dc -> 
  custom:container-muxer-webm: aa71ff27fc2769a1b78a27578f13a17b -> 
  custom:container-demuxer-webm: 4f35f7cbe854078d1ac9338744f61a02 -> 
  custom:container-demuxer-ogg: 62fdf1f143b41e24485cea50d1cbac27 -> 
  custom:video-encoder-webm-vp8: eb34c28f22e8b96e1ab97ce403110664 -> 
  custom:video-decoder-webm-vp8: 9c59270c3fd7afecdb556c50c9e8de78 -> 
  custom:audio-decoder-ogg-vorbis: bf7c407c2cedff20999df2af8eb42d56 -> 
  custom:audio-encoder-webm-vorbis: bf7c407c2cedff20999df2af8eb42d56 -> 
========================================================================
Received Import Request.
  Time since last request: 176.741404 seconds.
  path: Assets/Scripts/Dialogue/NPC_1.asset
  artifactKey: Guid(4d5ad66cc03ae1945a584deb6f49e2bf) Importer(815301076,1909f56bfc062723c751e8b465ee728b)
Start importing Assets/Scripts/Dialogue/NPC_1.asset using Guid(4d5ad66cc03ae1945a584deb6f49e2bf) Importer(815301076,1909f56bfc062723c751e8b465ee728b)  -> (artifact id: '4090dc8a8dee48d54d4ca9f05ed51aaa') in 0.017764 seconds 
  Import took 0.050673 seconds .

========================================================================
Received Prepare
Registering precompiled user dll's ...
Registered in 0.047779 seconds.
Begin MonoManager ReloadAssembly
Native extension for WindowsStandalone target not found
Refreshing native plugins compatible for Editor in 0.65 ms, found 3 plugins.
Preloading 0 native plugins for Editor in 0.00 ms.
Mono: successfully reloaded assembly
- Completed reload, in  0.987 seconds
Domain Reload Profiling:
	ReloadAssembly (988ms)
		BeginReloadAssembly (118ms)
			ExecutionOrderSort (0ms)
			DisableScriptedObjects (5ms)
			BackupInstance (0ms)
			ReleaseScriptingObjects (0ms)
			CreateAndSetChildDomain (36ms)
		EndReloadAssembly (810ms)
			LoadAssemblies (87ms)
			RebuildTransferFunctionScriptingTraits (0ms)
			SetupTypeCache (280ms)
			ReleaseScriptCaches (1ms)
			RebuildScriptCaches (45ms)
			SetupLoadedEditorAssemblies (305ms)
				LogAssemblyErrors (0ms)
				InitializePlatformSupportModulesInManaged (5ms)
				SetLoadedEditorAssemblies (0ms)
				RefreshPlugins (1ms)
				BeforeProcessingInitializeOnLoad (79ms)
				ProcessInitializeOnLoadAttributes (202ms)
				ProcessInitializeOnLoadMethodAttributes (10ms)
				AfterProcessingInitializeOnLoad (7ms)
				EditorAssembliesLoaded (0ms)
			ExecutionOrderSort2 (0ms)
			AwakeInstancesAfterBackupRestoration (9ms)
Platform modules already initialized, skipping
Refreshing native plugins compatible for Editor in 0.66 ms, found 3 plugins.
Preloading 0 native plugins for Editor in 0.00 ms.
Unloading 2320 Unused Serialized files (Serialized files now loaded: 0)
System memory in use before: 103.1 MB.
System memory in use after: 103.3 MB.

Unloading 18 unused Assets to reduce memory usage. Loaded Objects now: 2782.
Total: 3.973600 ms (FindLiveObjects: 0.278600 ms CreateObjectMapping: 0.070400 ms MarkObjects: 3.595700 ms  DeleteObjects: 0.027100 ms)

AssetImportParameters requested are different than current active one (requested -> active):
  custom:framework-win-MediaFoundation: 216162199b28c13a410421893ffa2e32 -> 
  custom:video-decoder-ogg-theora: a1e56fd34408186e4bbccfd4996cb3dc -> 
  custom:container-muxer-webm: aa71ff27fc2769a1b78a27578f13a17b -> 
  custom:container-demuxer-webm: 4f35f7cbe854078d1ac9338744f61a02 -> 
  custom:container-demuxer-ogg: 62fdf1f143b41e24485cea50d1cbac27 -> 
  custom:video-encoder-webm-vp8: eb34c28f22e8b96e1ab97ce403110664 -> 
  custom:video-decoder-webm-vp8: 9c59270c3fd7afecdb556c50c9e8de78 -> 
  custom:audio-decoder-ogg-vorbis: bf7c407c2cedff20999df2af8eb42d56 -> 
  custom:audio-encoder-webm-vorbis: bf7c407c2cedff20999df2af8eb42d56 -> 
========================================================================
Received Import Request.
  Time since last request: 698.204660 seconds.
  path: Assets/Prefabs/NPC_1.prefab
  artifactKey: Guid(41860d7b0b981fd4badb73cec836ac5c) Importer(815301076,1909f56bfc062723c751e8b465ee728b)
Start importing Assets/Prefabs/NPC_1.prefab using Guid(41860d7b0b981fd4badb73cec836ac5c) Importer(815301076,1909f56bfc062723c751e8b465ee728b)  -> (artifact id: 'e6a894e3298af00394dc38483b541285') in 0.157745 seconds 
  Import took 0.187406 seconds .

========================================================================
Received Import Request.
  Time since last request: 2.191108 seconds.
  path: Assets/Prefabs/NPC_2.prefab
  artifactKey: Guid(ea88672f2539ea64ba0d6440be03ee5a) Importer(815301076,1909f56bfc062723c751e8b465ee728b)
Start importing Assets/Prefabs/NPC_2.prefab using Guid(ea88672f2539ea64ba0d6440be03ee5a) Importer(815301076,1909f56bfc062723c751e8b465ee728b)  -> (artifact id: '275378b27d55e2b060b788472fd67f88') in 0.139394 seconds 
  Import took 0.148528 seconds .

========================================================================
Received Prepare
Registering precompiled user dll's ...
Registered in 0.003318 seconds.
Begin MonoManager ReloadAssembly
Native extension for WindowsStandalone target not found
Refreshing native plugins compatible for Editor in 0.68 ms, found 3 plugins.
Preloading 0 native plugins for Editor in 0.00 ms.
Mono: successfully reloaded assembly
- Completed reload, in  0.956 seconds
Domain Reload Profiling:
	ReloadAssembly (958ms)
		BeginReloadAssembly (122ms)
			ExecutionOrderSort (0ms)
			DisableScriptedObjects (6ms)
			BackupInstance (0ms)
			ReleaseScriptingObjects (0ms)
			CreateAndSetChildDomain (40ms)
		EndReloadAssembly (776ms)
			LoadAssemblies (87ms)
			RebuildTransferFunctionScriptingTraits (0ms)
			SetupTypeCache (271ms)
			ReleaseScriptCaches (1ms)
			RebuildScriptCaches (41ms)
			SetupLoadedEditorAssemblies (290ms)
				LogAssemblyErrors (0ms)
				InitializePlatformSupportModulesInManaged (4ms)
				SetLoadedEditorAssemblies (0ms)
				RefreshPlugins (1ms)
				BeforeProcessingInitializeOnLoad (75ms)
				ProcessInitializeOnLoadAttributes (193ms)
				ProcessInitializeOnLoadMethodAttributes (10ms)
				AfterProcessingInitializeOnLoad (6ms)
				EditorAssembliesLoaded (0ms)
			ExecutionOrderSort2 (0ms)
			AwakeInstancesAfterBackupRestoration (8ms)
Platform modules already initialized, skipping
Refreshing native plugins compatible for Editor in 0.88 ms, found 3 plugins.
Preloading 0 native plugins for Editor in 0.00 ms.
Unloading 2320 Unused Serialized files (Serialized files now loaded: 0)
System memory in use before: 103.0 MB.
System memory in use after: 103.3 MB.

Unloading 18 unused Assets to reduce memory usage. Loaded Objects now: 2789.
Total: 3.497300 ms (FindLiveObjects: 0.338700 ms CreateObjectMapping: 0.071400 ms MarkObjects: 3.063200 ms  DeleteObjects: 0.022400 ms)

AssetImportParameters requested are different than current active one (requested -> active):
  custom:framework-win-MediaFoundation: 216162199b28c13a410421893ffa2e32 -> 
  custom:video-decoder-ogg-theora: a1e56fd34408186e4bbccfd4996cb3dc -> 
  custom:container-muxer-webm: aa71ff27fc2769a1b78a27578f13a17b -> 
  custom:container-demuxer-webm: 4f35f7cbe854078d1ac9338744f61a02 -> 
  custom:container-demuxer-ogg: 62fdf1f143b41e24485cea50d1cbac27 -> 
  custom:video-encoder-webm-vp8: eb34c28f22e8b96e1ab97ce403110664 -> 
  custom:video-decoder-webm-vp8: 9c59270c3fd7afecdb556c50c9e8de78 -> 
  custom:audio-decoder-ogg-vorbis: bf7c407c2cedff20999df2af8eb42d56 -> 
  custom:audio-encoder-webm-vorbis: bf7c407c2cedff20999df2af8eb42d56 -> 
AssetImportWorkerClient::OnTransportError - code=2 error=End of file
